This is XeTeX, Version 3.14159265-2.6-0.99991 (TeX Live 2014/W32TeX) (preloaded format=xetex 2015.4.7)  16 MAY 2015 01:09
entering extended mode
 restricted \write18 enabled.
 %&-line parsing enabled.
**end.bib
(./end.bib
Missing character: There is no 澳 in font cmr10!
Missing character: There is no 开 in font cmr10!
Missing character: There is no 发 in font cmr10!
Missing character: There is no 出 in font cmr10!
Missing character: There is no 纳 in font cmr10!
Missing character: There is no 米 in font cmr10!
Missing character: There is no 级 in font cmr10!
Missing character: There is no 超 in font cmr10!
Missing character: There is no 快 in font cmr10!
Missing character: There is no 忆 in font cmr10!
Missing character: There is no 阻 in font cmr10!
Missing character: There is no 器 in font cmr10!
Missing character: There is no 企 in font cmr10!
Missing character: There is no 业 in font cmr10!
Missing character: There is no 技 in font cmr10!
Missing character: There is no 术 in font cmr10!
Missing character: There is no 开 in font cmr10!
Missing character: There is no 发 in font cmr10!
Missing character: There is no 澳 in font cmr10!
Missing character: There is no 大 in font cmr10!
Missing character: There is no 利 in font cmr10!
Missing character: There is no 亚 in font cmr10!
Missing character: There is no 墨 in font cmr10!
Missing character: There is no 尔 in font cmr10!
Missing character: There is no 本 in font cmr10!
Missing character: There is no 皇 in font cmr10!
Missing character: There is no 家 in font cmr10!
Missing character: There is no 理 in font cmr10!
Missing character: There is no 工 in font cmr10!
Missing character: There is no 大 in font cmr10!
Missing character: There is no 学 in font cmr10!
Missing character: There is no 的 in font cmr10!
Missing character: There is no 科 in font cmr10!
Missing character: There is no 学 in font cmr10!
Missing character: There is no 家 in font cmr10!
Missing character: There is no 用 in font cmr10!
Missing character: There is no 非 in font cmr10!
Missing character: There is no 晶 in font cmr10!
Missing character: There is no 钙 in font cmr10!
Missing character: There is no 钛 in font cmr10!
Missing character: There is no 矿 in font cmr10!
Missing character: There is no 氧 in font cmr10!
Missing character: There is no 化 in font cmr10!
Missing character: There is no 物 in font cmr10!
Missing character: There is no 开 in font cmr10!
Missing character: There is no 发 in font cmr10!
Missing character: There is no 出 in font cmr10!
Missing character: There is no 一 in font cmr10!
Missing character: There is no 种 in font cmr10!
Missing character: There is no 纳 in font cmr10!
Missing character: There is no 米 in font cmr10!
Missing character: There is no 级 in font cmr10!
Missing character: There is no 超 in font cmr10!
Missing character: There is no 快 in font cmr10!
Missing character: There is no 忆 in font cmr10!
Missing character: There is no 阻 in font cmr10!
Missing character: There is no 器 in font cmr10!
Missing character: There is no 。 in font cmr10!
Missing character: There is no 研 in font cmr10!
Missing character: There is no 究 in font cmr10!
Missing character: There is no 人 in font cmr10!
Missing character: There is no 员 in font cmr10!
Missing character: There is no 称 in font cmr10!
Missing character: There is no 这 in font cmr10!
Missing character: There is no 种 in font cmr10!
Missing character: There is no 新 in font cmr10!
Missing character: There is no 型 in font cmr10!
Missing character: There is no 忆 in font cmr10!
Missing character: There is no 阻 in font cmr10!
Missing character: There is no 器 in font cmr10!
Missing character: There is no 为 in font cmr10!
Missing character: There is no 高 in font cmr10!
Missing character: There is no 度 in font cmr10!
Missing character: There is no 稳 in font cmr10!
Missing character: There is no 定 in font cmr10!
Missing character: There is no 可 in font cmr10!
Missing character: There is no 靠 in font cmr10!
Missing character: There is no 的 in font cmr10!
Missing character: There is no 纳 in font cmr10!
Missing character: There is no 米 in font cmr10!
Missing character: There is no 级 in font cmr10!
Missing character: There is no 存 in font cmr10!
Missing character: There is no 储 in font cmr10!
Missing character: There is no 设 in font cmr10!
Missing character: There is no 备 in font cmr10!
Missing character: There is no 的 in font cmr10!
Missing character: There is no 发 in font cmr10!
Missing character: There is no 展 in font cmr10!
Missing character: There is no 提 in font cmr10!
Missing character: There is no 供 in font cmr10!
Missing character: There is no 了 in font cmr10!
Missing character: There is no 一 in font cmr10!
Missing character: There is no 个 in font cmr10!
Missing character: There is no 新 in font cmr10!
Missing character: There is no 的 in font cmr10!
Missing character: There is no 平 in font cmr10!
Missing character: There is no 台 in font cmr10!
Missing character: There is no 今 in font cmr10!
Missing character: There is no 后 in font cmr10!
Missing character: There is no 有 in font cmr10!
Missing character: There is no 望 in font cmr10!
Missing character: There is no 成 in font cmr10!
Missing character: There is no 为 in font cmr10!
Missing character: There is no 制 in font cmr10!
Missing character: There is no 造 in font cmr10!
Missing character: There is no 人 in font cmr10!
Missing character: There is no 工 in font cmr10!
Missing character: There is no 大 in font cmr10!
Missing character: There is no 脑 in font cmr10!
Missing character: There is no 的 in font cmr10!
Missing character: There is no 关 in font cmr10!
Missing character: There is no 键 in font cmr10!
Missing character: There is no 部 in font cmr10!
Missing character: There is no 件 in font cmr10!
Missing character: There is no 。 in font cmr10!
Missing character: There is no 相 in font cmr10!
Missing character: There is no 关 in font cmr10!
Missing character: There is no 论 in font cmr10!
Missing character: There is no 文 in font cmr10!
Missing character: There is no 将 in font cmr10!
Missing character: There is no 作 in font cmr10!
Missing character: There is no 为 in font cmr10!
Missing character: There is no 封 in font cmr10!
Missing character: There is no 面 in font cmr10!
Missing character: There is no 文 in font cmr10!
Missing character: There is no 章 in font cmr10!
Missing character: There is no 发 in font cmr10!
Missing character: There is no 表 in font cmr10!
Missing character: There is no 在 in font cmr10!
Missing character: There is no 近 in font cmr10!
Missing character: There is no 日 in font cmr10!
Missing character: There is no 出 in font cmr10!
Missing character: There is no 版 in font cmr10!
Missing character: There is no 的 in font cmr10!
Missing character: There is no 《 in font cmr10!
Missing character: There is no 先 in font cmr10!
Missing character: There is no 进 in font cmr10!
Missing character: There is no 功 in font cmr10!
Missing character: There is no 能 in font cmr10!
Missing character: There is no 材 in font cmr10!
Missing character: There is no 料 in font cmr10!
Missing character: There is no 》 in font cmr10!
Missing character: There is no 杂 in font cmr10!
Missing character: There is no 志 in font cmr10!
Missing character: There is no 上 in font cmr10!
Missing character: There is no 。 in font cmr10!
Missing character: There is no 纳 in font cmr10!
Missing character: There is no 米 in font cmr10!
Missing character: There is no 级 in font cmr10!
Missing character: There is no ； in font cmr10!
Missing character: There is no 开 in font cmr10!
Missing character: There is no 发 in font cmr10!
Missing character: There is no ； in font cmr10!
Missing character: There is no 钙 in font cmr10!
Missing character: There is no 钛 in font cmr10!
Missing character: There is no 矿 in font cmr10!
Missing character: There is no 氧 in font cmr10!
Missing character: There is no 化 in font cmr10!
Missing character: There is no 物 in font cmr10!
Missing character: T